# JRE version: OpenJDK Runtime Environment Zulu15.38+17-CA (15.0.6+5) (build 15.0.6+5-MTS)
# Java VM: OpenJDK 64-Bit Server VM Zulu15.38+17-CA (15.0.6+5-MTS, mixed mode, tiered, compressed oops, g1 gc, bsd-aarch64)
GC Precious Log:
 CPUs: 8 total, 8 available
 Memory: 16384M
 Large Page Support: Disabled
 NUMA Support: Disabled
 Compressed Oops: Enabled (Zero based)
 Heap Region Size: 1M
 Heap Min Capacity: 8M
 Heap Initial Capacity: 256M
 Heap Max Capacity: 1G
 Pre-touch: Disabled
 Parallel Workers: 8
 Concurrent Workers: 2
 Concurrent Refinement Workers: 8
 Periodic GC: Disabled
Heap:
 garbage-first heap   total 448512K, used 197044K [0x0000000780000000, 0x00000007c0000000)
  region size 1024K, 20 young (20480K), 0 survivors (0K)
 Metaspace       used 10304K, capacity 10604K, committed 10880K, reserved 1058816K
  class space    used 919K, capacity 1031K, committed 1152K, reserved 1048576K
GC Heap History (20 events):
Event: 1.038 GC heap before
{Heap before GC invocations=25 (full 8):
 garbage-first heap   total 225280K, used 137814K [0x0000000780000000, 0x00000007c0000000)
  region size 1024K, 36 young (36864K), 6 survivors (6144K)
 Metaspace       used 9885K, capacity 10164K, committed 10240K, reserved 1058816K
  class space    used 889K, capacity 995K, committed 1024K, reserved 1048576K
}
Event: 1.094 GC heap after
{Heap after GC invocations=26 (full 9):
 garbage-first heap   total 225280K, used 122883K [0x0000000780000000, 0x00000007c0000000)
  region size 1024K, 0 young (0K), 0 survivors (0K)
 Metaspace       used 9885K, capacity 10164K, committed 10240K, reserved 1058816K
  class space    used 889K, capacity 995K, committed 1024K, reserved 1048576K
}
Event: 1.149 GC heap before
{Heap before GC invocations=26 (full 9):
 garbage-first heap   total 225280K, used 150531K [0x0000000780000000, 0x00000007c0000000)
  region size 1024K, 27 young (27648K), 0 survivors (0K)
 Metaspace       used 9885K, capacity 10164K, committed 10240K, reserved 1058816K
  class space    used 889K, capacity 995K, committed 1024K, reserved 1048576K
}
Event: 1.159 GC heap after
{Heap after GC invocations=27 (full 9):
 garbage-first heap   total 225280K, used 141150K [0x0000000780000000, 0x00000007c0000000)
  region size 1024K, 4 young (4096K), 4 survivors (4096K)
 Metaspace       used 9885K, capacity 10164K, committed 10240K, reserved 1058816K
  class space    used 889K, capacity 995K, committed 1024K, reserved 1048576K
}
Event: 1.159 GC heap before
{Heap before GC invocations=27 (full 9):
 garbage-first heap   total 225280K, used 141150K [0x0000000780000000, 0x00000007c0000000)
  region size 1024K, 5 young (5120K), 4 survivors (4096K)
 Metaspace       used 9885K, capacity 10164K, committed 10240K, reserved 1058816K
  class space    used 889K, capacity 995K, committed 1024K, reserved 1048576K
}
Event: 1.220 GC heap after
{Heap after GC invocations=28 (full 10):
 garbage-first heap   total 237568K, used 140273K [0x0000000780000000, 0x00000007c0000000)
  region size 1024K, 0 young (0K), 0 survivors (0K)
 Metaspace       used 9885K, capacity 10164K, committed 10240K, reserved 1058816K
  class space    used 889K, capacity 995K, committed 1024K, reserved 1048576K
}
Event: 1.261 GC heap before
{Heap before GC invocations=28 (full 10):
 garbage-first heap   total 237568K, used 165873K [0x0000000780000000, 0x00000007c0000000)
  region size 1024K, 25 young (25600K), 0 survivors (0K)
 Metaspace       used 9885K, capacity 10164K, committed 10240K, reserved 1058816K
  class space    used 889K, capacity 995K, committed 1024K, reserved 1048576K
}
Event: 1.268 GC heap after
{Heap after GC invocations=29 (full 10):
 garbage-first heap   total 237568K, used 157666K [0x0000000780000000, 0x00000007c0000000)
  region size 1024K, 4 young (4096K), 4 survivors (4096K)
 Metaspace       used 9885K, capacity 10164K, committed 10240K, reserved 1058816K
  class space    used 889K, capacity 995K, committed 1024K, reserved 1048576K
}
Event: 1.279 GC heap before
{Heap before GC invocations=29 (full 10):
 garbage-first heap   total 237568K, used 164834K [0x0000000780000000, 0x00000007c0000000)
  region size 1024K, 12 young (12288K), 4 survivors (4096K)
 Metaspace       used 9885K, capacity 10164K, committed 10240K, reserved 1058816K
  class space    used 889K, capacity 995K, committed 1024K, reserved 1048576K
}
Event: 1.345 GC heap after
{Heap after GC invocations=30 (full 11):
 garbage-first heap   total 275456K, used 161913K [0x0000000780000000, 0x00000007c0000000)
  region size 1024K, 0 young (0K), 0 survivors (0K)
 Metaspace       used 9885K, capacity 10164K, committed 10240K, reserved 1058816K
  class space    used 889K, capacity 995K, committed 1024K, reserved 1048576K
}
Event: 1.353 GC heap before
{Heap before GC invocations=30 (full 11):
 garbage-first heap   total 275456K, used 167033K [0x0000000780000000, 0x00000007c0000000)
  region size 1024K, 6 young (6144K), 0 survivors (0K)
 Metaspace       used 9885K, capacity 10164K, committed 10240K, reserved 1058816K
  class space    used 889K, capacity 995K, committed 1024K, reserved 1048576K
}
Event: 1.356 GC heap after
{Heap after GC invocations=31 (full 11):
 garbage-first heap   total 448512K, used 166009K [0x0000000780000000, 0x00000007c0000000)
  region size 1024K, 4 young (4096K), 4 survivors (4096K)
 Metaspace       used 9885K, capacity 10164K, committed 10240K, reserved 1058816K
  class space    used 889K, capacity 995K, committed 1024K, reserved 1048576K
}
Event: 1.409 GC heap before
{Heap before GC invocations=31 (full 11):
 garbage-first heap   total 448512K, used 202873K [0x0000000780000000, 0x00000007c0000000)
  region size 1024K, 27 young (27648K), 4 survivors (4096K)
 Metaspace       used 9885K, capacity 10164K, committed 10240K, reserved 1058816K
  class space    used 889K, capacity 995K, committed 1024K, reserved 1048576K
}
Event: 1.475 GC heap after
{Heap after GC invocations=32 (full 12):
 garbage-first heap   total 448512K, used 188296K [0x0000000780000000, 0x00000007c0000000)
  region size 1024K, 0 young (0K), 0 survivors (0K)
 Metaspace       used 9885K, capacity 10164K, committed 10240K, reserved 1058816K
  class space    used 889K, capacity 995K, committed 1024K, reserved 1048576K
}
Event: 1.538 GC heap before
{Heap before GC invocations=32 (full 12):
 garbage-first heap   total 448512K, used 202632K [0x0000000780000000, 0x00000007c0000000)
  region size 1024K, 15 young (15360K), 0 survivors (0K)
 Metaspace       used 9917K, capacity 10220K, committed 10368K, reserved 1058816K
  class space    used 893K, capacity 1031K, committed 1152K, reserved 1048576K
}
Event: 1.639 GC heap after
{Heap after GC invocations=33 (full 13):
 garbage-first heap   total 448512K, used 179291K [0x0000000780000000, 0x00000007c0000000)
  region size 1024K, 0 young (0K), 0 survivors (0K)
 Metaspace       used 9917K, capacity 10220K, committed 10368K, reserved 1058816K
  class space    used 893K, capacity 1031K, committed 1152K, reserved 1048576K
}
Event: 1.718 GC heap before
{Heap before GC invocations=33 (full 13):
 garbage-first heap   total 448512K, used 187483K [0x0000000780000000, 0x00000007c0000000)
  region size 1024K, 9 young (9216K), 0 survivors (0K)
 Metaspace       used 9919K, capacity 10220K, committed 10368K, reserved 1058816K
  class space    used 893K, capacity 1031K, committed 1152K, reserved 1048576K
}
Event: 1.848 GC heap after
{Heap after GC invocations=34 (full 14):
 garbage-first heap   total 448512K, used 181592K [0x0000000780000000, 0x00000007c0000000)
  region size 1024K, 0 young (0K), 0 survivors (0K)
 Metaspace       used 9919K, capacity 10220K, committed 10368K, reserved 1058816K
  class space    used 893K, capacity 1031K, committed 1152K, reserved 1048576K
}
Event: 2.419 GC heap before
{Heap before GC invocations=34 (full 14):
 garbage-first heap   total 448512K, used 237912K [0x0000000780000000, 0x00000007c0000000)
  region size 1024K, 56 young (57344K), 0 survivors (0K)
 Metaspace       used 10285K, capacity 10604K, committed 10880K, reserved 1058816K
  class space    used 919K, capacity 1031K, committed 1152K, reserved 1048576K
}
Event: 2.510 GC heap after
{Heap after GC invocations=35 (full 15):
 garbage-first heap   total 448512K, used 177588K [0x0000000780000000, 0x00000007c0000000)
  region size 1024K, 0 young (0K), 0 survivors (0K)
 Metaspace       used 10285K, capacity 10604K, committed 10880K, reserved 1058816K
  class space    used 919K, capacity 1031K, committed 1152K, reserved 1048576K
}

